<?xml version="1.0" encoding="UTF-8"?>
<testsuite xmlns:xsi="http://www.w3.org/2001/XMLSchema-instance" xsi:noNamespaceSchemaLocation="https://maven.apache.org/surefire/maven-surefire-plugin/xsd/surefire-test-report.xsd" version="3.0.2" name="com.metodologia.WebSpaApplicationTests" time="113.665" tests="1" errors="0" skipped="0" failures="0">
  <properties>
[...]
</properties>
  <testcase name="contextLoads" classname="com.metodologia.WebSpaApplicationTests" time="5.071">
    <system-out><![CDATA[11:28:04.213 [main] INFO org.springframework.test.context.support.AnnotationConfigContextLoaderUtils -- Could not detect default configuration classes for test class [com.metodologia.WebSpaApplicationTests]: WebSpaApplicationTests does not declare any static, non-private, non-final, nested classes annotated with @Configuration.
11:28:05.474 [main] INFO org.springframework.boot.test.context.SpringBootTestContextBootstrapper -- Found @SpringBootConfiguration com.metodologia.WebSpaApplication for test class com.metodologia.WebSpaApplicationTests

  .   ____          _            __ _ _
 /\\ / ___'_ __ _ _(_)_ __  __ _ \ \ \ \
( ( )\___ | '_ | '_| | '_ \/ _` | \ \ \ \
 \\/  ___)| |_)| | | | | || (_| |  ) ) ) )
  '  |____| .__|_| |_|_| |_\__, | / / / /
 =========|_|==============|___/=/_/_/_/

 :: Spring Boot ::                (v3.4.4)

2025-05-09T11:28:19.129-03:00  INFO 1196 --- [           main] com.metodologia.WebSpaApplicationTests   : Starting WebSpaApplicationTests using Java 23 with PID 1196 (started by Usuario in C:\Users\Usuario\Music\web-site-spa\backend)
2025-05-09T11:28:19.143-03:00  INFO 1196 --- [           main] com.metodologia.WebSpaApplicationTests   : No active profile set, falling back to 1 default profile: "default"
2025-05-09T11:28:43.938-03:00  INFO 1196 --- [           main] .s.d.r.c.RepositoryConfigurationDelegate : Bootstrapping Spring Data JPA repositories in DEFAULT mode.
2025-05-09T11:28:44.543-03:00  INFO 1196 --- [           main] .s.d.r.c.RepositoryConfigurationDelegate : Finished Spring Data repository scanning in 459 ms. Found 2 JPA repository interfaces.
2025-05-09T11:28:57.167-03:00  INFO 1196 --- [           main] o.hibernate.jpa.internal.util.LogHelper  : HHH000204: Processing PersistenceUnitInfo [name: default]
2025-05-09T11:28:57.727-03:00  INFO 1196 --- [           main] org.hibernate.Version                    : HHH000412: Hibernate ORM core version 6.6.11.Final
2025-05-09T11:28:59.510-03:00  INFO 1196 --- [           main] o.h.c.internal.RegionFactoryInitiator    : HHH000026: Second-level cache disabled
2025-05-09T11:29:02.594-03:00  INFO 1196 --- [           main] o.s.o.j.p.SpringPersistenceUnitInfo      : No LoadTimeWeaver setup: ignoring JPA class transformer
2025-05-09T11:29:02.863-03:00  INFO 1196 --- [           main] com.zaxxer.hikari.HikariDataSource       : HikariPool-1 - Starting...
2025-05-09T11:29:07.863-03:00  INFO 1196 --- [           main] com.zaxxer.hikari.pool.HikariPool        : HikariPool-1 - Added connection com.mysql.cj.jdbc.ConnectionImpl@12166229
2025-05-09T11:29:08.001-03:00  INFO 1196 --- [           main] com.zaxxer.hikari.HikariDataSource       : HikariPool-1 - Start completed.
2025-05-09T11:29:08.772-03:00  WARN 1196 --- [           main] org.hibernate.orm.deprecation            : HHH90000025: MySQLDialect does not need to be specified explicitly using 'hibernate.dialect' (remove the property setting and it will be selected by default)
2025-05-09T11:29:09.076-03:00  INFO 1196 --- [           main] org.hibernate.orm.connections.pooling    : HHH10001005: Database info:
	Database JDBC URL [Connecting through datasource 'HikariDataSource (HikariPool-1)']
	Database driver: undefined/unknown
	Database version: 9.3
	Autocommit mode: undefined/unknown
	Isolation level: undefined/unknown
	Minimum pool size: undefined/unknown
	Maximum pool size: undefined/unknown
2025-05-09T11:29:17.474-03:00  INFO 1196 --- [           main] o.h.e.t.j.p.i.JtaPlatformInitiator       : HHH000489: No JTA platform available (set 'hibernate.transaction.jta.platform' to enable JTA platform integration)
Hibernate: 
    alter table numero 
       drop 
       foreign key FK7np6dlc1fanp61k0x8yt3dk2f
Hibernate: 
    alter table servicio_solicitado 
       drop 
       foreign key FK1najtslh6oa77e1owbqf34jlr
Hibernate: 
    alter table servicio_solicitado 
       drop 
       foreign key FK1fg3uahowaevwjsds8nttja4p
Hibernate: 
    alter table tipo_servicio 
       drop 
       foreign key FK36s0ce88v4madajowb71youtt
Hibernate: 
    alter table user_roles 
       drop 
       foreign key FKh8ciramu9cc9q3qcqiv4ue8a6
Hibernate: 
    alter table user_roles 
       drop 
       foreign key FKfv0r1vgjmxyqqm8ixcga29nq0
Hibernate: 
    drop table if exists numero
Hibernate: 
    drop table if exists persona
Hibernate: 
    drop table if exists roles
Hibernate: 
    drop table if exists servicio
Hibernate: 
    drop table if exists servicio_cantidaddd
Hibernate: 
    drop table if exists servicio_solicitado
Hibernate: 
    drop table if exists subtipo
Hibernate: 
    drop table if exists tipo_servicio
Hibernate: 
    drop table if exists user_roles
Hibernate: 
    create table numero (
        numero integer not null,
        id bigint not null auto_increment,
        persona_id bigint,
        primary key (id)
    ) engine=InnoDB
Hibernate: 
    create table persona (
        dni integer,
        id bigint not null auto_increment,
        apellido varchar(15),
        nombre varchar(15),
        contrasena varchar(255),
        email varchar(255),
        primary key (id)
    ) engine=InnoDB
Hibernate: 
    create table roles (
        id bigint not null auto_increment,
        name enum ('ADMIN','USER','invited'),
        primary key (id)
    ) engine=InnoDB
Hibernate: 
    create table servicio (
        tipo integer,
        id bigint not null auto_increment,
        primary key (id)
    ) engine=InnoDB
Hibernate: 
    create table servicio_cantidaddd (
        id bigint not null auto_increment,
        titulo varchar(255),
        primary key (id)
    ) engine=InnoDB
Hibernate: 
    create table servicio_solicitado (
        id bigint not null auto_increment,
        persona_id bigint,
        servicio_id bigint,
        hora_fecha varchar(255),
        primary key (id)
    ) engine=InnoDB
Hibernate: 
    create table subtipo (
        id bigint not null auto_increment,
        descripcion varchar(255),
        titulo varchar(255),
        primary key (id)
    ) engine=InnoDB
Hibernate: 
    create table tipo_servicio (
        ser_cant integer,
        id bigint not null auto_increment,
        subtipo_id bigint,
        descripcion varchar(255),
        titulo varchar(255),
        primary key (id)
    ) engine=InnoDB
Hibernate: 
    create table user_roles (
        role_id bigint not null,
        user_id bigint not null,
        primary key (role_id, user_id)
    ) engine=InnoDB
Hibernate: 
    alter table persona 
       add constraint UKbfxfxg15pmy0c1imvi6ucoeem unique (email)
Hibernate: 
    alter table servicio 
       add constraint UK8k1jmwk0a9rkin1952i561aqd unique (tipo)
Hibernate: 
    alter table servicio_cantidaddd 
       add constraint UKqd44i08qi6ahgyqk6tvnx056o unique (titulo)
Hibernate: 
    alter table subtipo 
       add constraint UKj91ur3v868awj2c2t1sy0de7w unique (descripcion)
Hibernate: 
    alter table subtipo 
       add constraint UKq8c7pxmsc5krtdt0vaem6egth unique (titulo)
Hibernate: 
    alter table numero 
       add constraint FK7np6dlc1fanp61k0x8yt3dk2f 
       foreign key (persona_id) 
       references persona (id)
Hibernate: 
    alter table servicio_solicitado 
       add constraint FK1najtslh6oa77e1owbqf34jlr 
       foreign key (persona_id) 
       references persona (id)
Hibernate: 
    alter table servicio_solicitado 
       add constraint FK1fg3uahowaevwjsds8nttja4p 
       foreign key (servicio_id) 
       references servicio (id)
Hibernate: 
    alter table tipo_servicio 
       add constraint FK36s0ce88v4madajowb71youtt 
       foreign key (subtipo_id) 
       references subtipo (id)
Hibernate: 
    alter table user_roles 
       add constraint FKh8ciramu9cc9q3qcqiv4ue8a6 
       foreign key (role_id) 
       references roles (id)
Hibernate: 
    alter table user_roles 
       add constraint FKfv0r1vgjmxyqqm8ixcga29nq0 
       foreign key (user_id) 
       references persona (id)
2025-05-09T11:29:31.713-03:00  INFO 1196 --- [           main] j.LocalContainerEntityManagerFactoryBean : Initialized JPA EntityManagerFactory for persistence unit 'default'
2025-05-09T11:29:37.625-03:00  WARN 1196 --- [           main] JpaBaseConfiguration$JpaWebConfiguration : spring.jpa.open-in-view is enabled by default. Therefore, database queries may be performed during view rendering. Explicitly configure spring.jpa.open-in-view to disable this warning
2025-05-09T11:29:39.988-03:00  INFO 1196 --- [           main] r$InitializeUserDetailsManagerConfigurer : Global AuthenticationManager configured with UserDetailsService bean with name userDetailsServiceImpl
2025-05-09T11:29:50.987-03:00  INFO 1196 --- [           main] com.metodologia.WebSpaApplicationTests   : Started WebSpaApplicationTests in 102.429 seconds (process running for 115.375)
]]></system-out>
    <system-err><![CDATA[Mockito is currently self-attaching to enable the inline-mock-maker. This will no longer work in future releases of the JDK. Please add Mockito as an agent to your build what is described in Mockito's documentation: https://javadoc.io/doc/org.mockito/mockito-core/latest/org/mockito/Mockito.html#0.3
WARNING: A Java agent has been loaded dynamically (C:\Users\Usuario\.m2\repository\net\bytebuddy\byte-buddy-agent\1.15.11\byte-buddy-agent-1.15.11.jar)
WARNING: If a serviceability tool is in use, please run with -XX:+EnableDynamicAgentLoading to hide this warning
WARNING: If a serviceability tool is not in use, please run with -Djdk.instrument.traceUsage for more information
WARNING: Dynamic loading of agents will be disallowed by default in a future release
]]></system-err>
  </testcase>
</testsuite>